<?xml version="1.0" encoding="UTF-8"?>
<robot generator="Robot 7.3.2 (Python 3.12.3 on linux)" generated="2025-11-17T21:03:11.399845" rpa="false" schemaversion="5">
<suite id="s1" name="Tests" source="/home/jere/Koulu/hy/ohtu25/palautusrepositorio/viikko3/webcounter/src/tests">
<suite id="s1-s1" name="Increment" source="/home/jere/Koulu/hy/ohtu25/palautusrepositorio/viikko3/webcounter/src/tests/increment.robot">
<kw name="Open And Configure Browser" owner="resource" type="SETUP">
<if>
<branch type="IF" condition="$BROWSER == 'chrome'">
<kw name="Evaluate" owner="BuiltIn">
<msg time="2025-11-17T21:03:11.581039" level="INFO">${options} = &lt;selenium.webdriver.chrome.options.Options object at 0x7577d593e810&gt;</msg>
<var>${options}</var>
<arg>sys.modules['selenium.webdriver'].ChromeOptions()</arg>
<arg>sys</arg>
<doc>Evaluates the given expression in Python and returns the result.</doc>
<status status="PASS" start="2025-11-17T21:03:11.580685" elapsed="0.000404"/>
</kw>
<kw name="Call Method" owner="BuiltIn">
<arg>${options}</arg>
<arg>add_argument</arg>
<arg>--incognito</arg>
<doc>Calls the named method of the given object with the provided arguments.</doc>
<status status="PASS" start="2025-11-17T21:03:11.581256" elapsed="0.000177"/>
</kw>
<status status="PASS" start="2025-11-17T21:03:11.579986" elapsed="0.001513"/>
</branch>
<branch type="ELSE IF" condition="$BROWSER == 'firefox'">
<kw name="Evaluate" owner="BuiltIn">
<var>${options}</var>
<arg>sys.modules['selenium.webdriver'].FirefoxOptions()</arg>
<arg>sys</arg>
<doc>Evaluates the given expression in Python and returns the result.</doc>
<status status="NOT RUN" start="2025-11-17T21:03:11.581681" elapsed="0.000033"/>
</kw>
<kw name="Call Method" owner="BuiltIn">
<arg>${options}</arg>
<arg>add_argument</arg>
<arg>--private-window</arg>
<doc>Calls the named method of the given object with the provided arguments.</doc>
<status status="NOT RUN" start="2025-11-17T21:03:11.581819" elapsed="0.000031"/>
</kw>
<status status="NOT RUN" start="2025-11-17T21:03:11.581555" elapsed="0.000348"/>
</branch>
<status status="PASS" start="2025-11-17T21:03:11.579953" elapsed="0.001994"/>
</if>
<if>
<branch type="IF" condition="$HEADLESS == 'true'">
<kw name="Set Selenium Speed" owner="SeleniumLibrary">
<arg>0.05 seconds</arg>
<doc>Sets the delay that is waited after each Selenium command.</doc>
<status status="PASS" start="2025-11-17T21:03:11.582226" elapsed="0.000215"/>
</kw>
<kw name="Call Method" owner="BuiltIn">
<arg>${options}</arg>
<arg>add_argument</arg>
<arg>--headless</arg>
<doc>Calls the named method of the given object with the provided arguments.</doc>
<status status="PASS" start="2025-11-17T21:03:11.582553" elapsed="0.000164"/>
</kw>
<status status="PASS" start="2025-11-17T21:03:11.582016" elapsed="0.000756"/>
</branch>
<branch type="ELSE">
<kw name="Set Selenium Speed" owner="SeleniumLibrary">
<arg>${DELAY}</arg>
<doc>Sets the delay that is waited after each Selenium command.</doc>
<status status="NOT RUN" start="2025-11-17T21:03:11.582922" elapsed="0.000032"/>
</kw>
<status status="NOT RUN" start="2025-11-17T21:03:11.582816" elapsed="0.000186"/>
</branch>
<status status="PASS" start="2025-11-17T21:03:11.581997" elapsed="0.001043"/>
</if>
<kw name="Open Browser" owner="SeleniumLibrary">
<msg time="2025-11-17T21:03:11.583433" level="INFO">Opening browser 'chrome' to base url 'None'.</msg>
<arg>browser=${BROWSER}</arg>
<arg>options=${options}</arg>
<doc>Opens a new browser instance to the optional ``url``.</doc>
<status status="PASS" start="2025-11-17T21:03:11.583164" elapsed="0.319258"/>
</kw>
<status status="PASS" start="2025-11-17T21:03:11.579736" elapsed="0.322813"/>
</kw>
<test id="s1-s1-t1" name="At start the counter is zero" line="7">
<kw name="Go To" owner="SeleniumLibrary">
<msg time="2025-11-17T21:03:11.903356" level="INFO">Opening url 'http://localhost:5001'</msg>
<arg>${HOME_URL}</arg>
<doc>Navigates the current browser window to the provided ``url``.</doc>
<status status="PASS" start="2025-11-17T21:03:11.903178" elapsed="0.106218"/>
</kw>
<kw name="Title Should Be" owner="SeleniumLibrary">
<msg time="2025-11-17T21:03:12.076751" level="INFO">Page title is 'Laskuri'.</msg>
<arg>Laskuri</arg>
<doc>Verifies that the current page title equals ``title``.</doc>
<status status="PASS" start="2025-11-17T21:03:12.009999" elapsed="0.067470"/>
</kw>
<kw name="Page Should Contain" owner="SeleniumLibrary">
<msg time="2025-11-17T21:03:12.242447" level="INFO">Current page contains text 'nappia painettu 0 kertaa'.</msg>
<arg>nappia painettu 0 kertaa</arg>
<doc>Verifies that current page contains ``text``.</doc>
<status status="PASS" start="2025-11-17T21:03:12.078853" elapsed="0.163927"/>
</kw>
<status status="PASS" start="2025-11-17T21:03:11.902641" elapsed="0.340834"/>
</test>
<test id="s1-s1-t2" name="When button pressed twice the counter is two" line="12">
<kw name="Go To" owner="SeleniumLibrary">
<msg time="2025-11-17T21:03:12.245396" level="INFO">Opening url 'http://localhost:5001'</msg>
<arg>${HOME_URL}</arg>
<doc>Navigates the current browser window to the provided ``url``.</doc>
<status status="PASS" start="2025-11-17T21:03:12.245006" elapsed="0.097726"/>
</kw>
<kw name="Click Button" owner="SeleniumLibrary">
<msg time="2025-11-17T21:03:12.343596" level="INFO">Clicking button 'Paina'.</msg>
<arg>Paina</arg>
<doc>Clicks the button identified by ``locator``.</doc>
<status status="PASS" start="2025-11-17T21:03:12.343070" elapsed="0.357823"/>
</kw>
<kw name="Click Button" owner="SeleniumLibrary">
<msg time="2025-11-17T21:03:12.701704" level="INFO">Clicking button 'Paina'.</msg>
<arg>Paina</arg>
<doc>Clicks the button identified by ``locator``.</doc>
<status status="PASS" start="2025-11-17T21:03:12.701364" elapsed="0.389586"/>
</kw>
<kw name="Page Should Contain" owner="SeleniumLibrary">
<msg time="2025-11-17T21:03:13.249084" level="INFO">Current page contains text 'nappia painettu 2 kertaa'.</msg>
<arg>nappia painettu 2 kertaa</arg>
<doc>Verifies that current page contains ``text``.</doc>
<status status="PASS" start="2025-11-17T21:03:13.091473" elapsed="0.157949"/>
</kw>
<status status="PASS" start="2025-11-17T21:03:12.244271" elapsed="1.005947"/>
</test>
<kw name="Close Browser" owner="SeleniumLibrary" type="TEARDOWN">
<doc>Closes the current browser.</doc>
<status status="PASS" start="2025-11-17T21:03:13.252139" elapsed="0.175356"/>
</kw>
<status status="PASS" start="2025-11-17T21:03:11.428905" elapsed="1.998678"/>
</suite>
<suite id="s1-s2" name="Reset" source="/home/jere/Koulu/hy/ohtu25/palautusrepositorio/viikko3/webcounter/src/tests/reset.robot">
<test id="s1-s2-t1" name="When counter has a nonzero value and it is reset the value becomes zero" line="7">
<kw name="Open And Configure Browser" owner="resource" type="SETUP">
<if>
<branch type="IF" condition="$BROWSER == 'chrome'">
<kw name="Evaluate" owner="BuiltIn">
<msg time="2025-11-17T21:03:13.432186" level="INFO">${options} = &lt;selenium.webdriver.chrome.options.Options object at 0x7577d59914f0&gt;</msg>
<var>${options}</var>
<arg>sys.modules['selenium.webdriver'].ChromeOptions()</arg>
<arg>sys</arg>
<doc>Evaluates the given expression in Python and returns the result.</doc>
<status status="PASS" start="2025-11-17T21:03:13.431817" elapsed="0.000415"/>
</kw>
<kw name="Call Method" owner="BuiltIn">
<arg>${options}</arg>
<arg>add_argument</arg>
<arg>--incognito</arg>
<doc>Calls the named method of the given object with the provided arguments.</doc>
<status status="PASS" start="2025-11-17T21:03:13.432379" elapsed="0.000160"/>
</kw>
<status status="PASS" start="2025-11-17T21:03:13.431573" elapsed="0.001023"/>
</branch>
<branch type="ELSE IF" condition="$BROWSER == 'firefox'">
<kw name="Evaluate" owner="BuiltIn">
<var>${options}</var>
<arg>sys.modules['selenium.webdriver'].FirefoxOptions()</arg>
<arg>sys</arg>
<doc>Evaluates the given expression in Python and returns the result.</doc>
<status status="NOT RUN" start="2025-11-17T21:03:13.432754" elapsed="0.000032"/>
</kw>
<kw name="Call Method" owner="BuiltIn">
<arg>${options}</arg>
<arg>add_argument</arg>
<arg>--private-window</arg>
<doc>Calls the named method of the given object with the provided arguments.</doc>
<status status="NOT RUN" start="2025-11-17T21:03:13.432886" elapsed="0.000037"/>
</kw>
<status status="NOT RUN" start="2025-11-17T21:03:13.432644" elapsed="0.000401"/>
</branch>
<status status="PASS" start="2025-11-17T21:03:13.431547" elapsed="0.001546"/>
</if>
<if>
<branch type="IF" condition="$HEADLESS == 'true'">
<kw name="Set Selenium Speed" owner="SeleniumLibrary">
<arg>0.05 seconds</arg>
<doc>Sets the delay that is waited after each Selenium command.</doc>
<status status="PASS" start="2025-11-17T21:03:13.433985" elapsed="0.000323"/>
</kw>
<kw name="Call Method" owner="BuiltIn">
<arg>${options}</arg>
<arg>add_argument</arg>
<arg>--headless</arg>
<doc>Calls the named method of the given object with the provided arguments.</doc>
<status status="PASS" start="2025-11-17T21:03:13.434440" elapsed="0.000168"/>
</kw>
<status status="PASS" start="2025-11-17T21:03:13.433245" elapsed="0.001420"/>
</branch>
<branch type="ELSE">
<kw name="Set Selenium Speed" owner="SeleniumLibrary">
<arg>${DELAY}</arg>
<doc>Sets the delay that is waited after each Selenium command.</doc>
<status status="NOT RUN" start="2025-11-17T21:03:13.434825" elapsed="0.000032"/>
</kw>
<status status="NOT RUN" start="2025-11-17T21:03:13.434715" elapsed="0.000186"/>
</branch>
<status status="PASS" start="2025-11-17T21:03:13.433208" elapsed="0.001732"/>
</if>
<kw name="Open Browser" owner="SeleniumLibrary">
<msg time="2025-11-17T21:03:13.435363" level="INFO">Opening browser 'chrome' to base url 'None'.</msg>
<arg>browser=${BROWSER}</arg>
<arg>options=${options}</arg>
<doc>Opens a new browser instance to the optional ``url``.</doc>
<status status="PASS" start="2025-11-17T21:03:13.435048" elapsed="0.289531"/>
</kw>
<status status="PASS" start="2025-11-17T21:03:13.431295" elapsed="0.293412"/>
</kw>
<kw name="Go To" owner="SeleniumLibrary">
<msg time="2025-11-17T21:03:13.725261" level="INFO">Opening url 'http://localhost:5001'</msg>
<arg>${HOME_URL}</arg>
<doc>Navigates the current browser window to the provided ``url``.</doc>
<status status="PASS" start="2025-11-17T21:03:13.724968" elapsed="0.103704"/>
</kw>
<kw name="Click Button" owner="SeleniumLibrary">
<msg time="2025-11-17T21:03:13.829483" level="INFO">Clicking button 'Paina'.</msg>
<arg>Paina</arg>
<doc>Clicks the button identified by ``locator``.</doc>
<status status="PASS" start="2025-11-17T21:03:13.829153" elapsed="0.428211"/>
</kw>
<kw name="Click Button" owner="SeleniumLibrary">
<msg time="2025-11-17T21:03:14.258236" level="INFO">Clicking button 'Paina'.</msg>
<arg>Paina</arg>
<doc>Clicks the button identified by ``locator``.</doc>
<status status="PASS" start="2025-11-17T21:03:14.257816" elapsed="0.315140"/>
</kw>
<kw name="Click Button" owner="SeleniumLibrary">
<msg time="2025-11-17T21:03:14.573693" level="INFO">Clicking button 'Nollaa'.</msg>
<arg>Nollaa</arg>
<doc>Clicks the button identified by ``locator``.</doc>
<status status="PASS" start="2025-11-17T21:03:14.573394" elapsed="0.420608"/>
</kw>
<kw name="Page Should Contain" owner="SeleniumLibrary">
<msg time="2025-11-17T21:03:15.151932" level="INFO">Current page contains text 'nappia painettu 0 kertaa'.</msg>
<arg>nappia painettu 0 kertaa</arg>
<doc>Verifies that current page contains ``text``.</doc>
<status status="PASS" start="2025-11-17T21:03:14.994548" elapsed="0.157985"/>
</kw>
<kw name="Close Browser" owner="SeleniumLibrary" type="TEARDOWN">
<doc>Closes the current browser.</doc>
<status status="PASS" start="2025-11-17T21:03:15.153996" elapsed="0.110249"/>
</kw>
<status status="PASS" start="2025-11-17T21:03:13.430577" elapsed="1.833962"/>
</test>
<status status="PASS" start="2025-11-17T21:03:13.428380" elapsed="1.837138"/>
</suite>
<status status="PASS" start="2025-11-17T21:03:11.401165" elapsed="3.865639"/>
</suite>
<statistics>
<total>
<stat pass="3" fail="0" skip="0">All Tests</stat>
</total>
<tag>
</tag>
<suite>
<stat name="Tests" id="s1" pass="3" fail="0" skip="0">Tests</stat>
<stat name="Increment" id="s1-s1" pass="2" fail="0" skip="0">Tests.Increment</stat>
<stat name="Reset" id="s1-s2" pass="1" fail="0" skip="0">Tests.Reset</stat>
</suite>
</statistics>
<errors>
</errors>
</robot>
